<?xml version="1.0" encoding="UTF-8"?>
<!-- Generated by org.testng.reporters.JUnitXMLReporter -->
<testsuite ignored="0" hostname="sandhya" failures="0" tests="6" name="Command line test" time="0.078" errors="0" timestamp="2022-07-25T11:20:09 IST">
  <testcase classname="qaclickacademy.AppiumTest" name="IOSApps" time="0.007"/>
  <testcase classname="qaclickacademy.AppiumTest" name="NativeAppAndroid" time="0.001"/>
  <testcase classname="qaclickacademy.RestApiTest" name="PostJira" time="0.001"/>
  <testcase classname="qaclickacademy.RestApiTest" name="deleteTwitter" time="0.0"/>
  <testcase classname="qaclickacademy.seleniumTest" name="BrowserAutomation" time="0.0"/>
  <testcase classname="qaclickacademy.seleniumTest" name="elementsUi" time="0.0"/>
</testsuite> <!-- Command line test -->
