<?xml version="1.0" encoding="UTF-8"?>
<!-- Generated by org.testng.reporters.JUnitXMLReporter -->
<testsuite hostname="sandhya" ignored="0" name="Test" tests="4" failures="0" timestamp="2022-07-03T17:41:34 IST" time="0.095" errors="0">
  <testcase name="PostJira" time="0.011" classname="qaclickacademy.RestApiTest"/>
  <testcase name="deleteTwitter" time="0.003" classname="qaclickacademy.RestApiTest"/>
  <testcase name="BrowserAutomation" time="0.001" classname="qaclickacademy.seleniumTest"/>
  <testcase name="elementsUi" time="0.001" classname="qaclickacademy.seleniumTest"/>
</testsuite> <!-- Test -->
