<?xml version="1.0" encoding="UTF-8"?>
<testng-results ignored="0" total="6" passed="6" failed="0" skipped="0">
  <reporter-output>
  </reporter-output>
  <suite started-at="2022-07-25T11:20:09 IST" name="Command line suite" finished-at="2022-07-25T11:20:09 IST" duration-ms="78">
    <groups>
    </groups>
    <test started-at="2022-07-25T11:20:09 IST" name="Command line test" finished-at="2022-07-25T11:20:09 IST" duration-ms="78">
      <class name="qaclickacademy.AppiumTest">
        <test-method signature="IOSApps()[pri:0, instance:qaclickacademy.AppiumTest@3fc2959f]" started-at="2022-07-25T11:20:09 IST" name="IOSApps" finished-at="2022-07-25T11:20:09 IST" duration-ms="7" status="PASS">
          <reporter-output>
          </reporter-output>
        </test-method> <!-- IOSApps -->
        <test-method signature="NativeAppAndroid()[pri:0, instance:qaclickacademy.AppiumTest@3fc2959f]" started-at="2022-07-25T11:20:09 IST" name="NativeAppAndroid" finished-at="2022-07-25T11:20:09 IST" duration-ms="1" status="PASS">
          <reporter-output>
          </reporter-output>
        </test-method> <!-- NativeAppAndroid -->
      </class> <!-- qaclickacademy.AppiumTest -->
      <class name="qaclickacademy.RestApiTest">
        <test-method signature="PostJira()[pri:0, instance:qaclickacademy.RestApiTest@7eac9008]" started-at="2022-07-25T11:20:09 IST" name="PostJira" finished-at="2022-07-25T11:20:09 IST" duration-ms="1" status="PASS">
          <reporter-output>
          </reporter-output>
        </test-method> <!-- PostJira -->
        <test-method signature="deleteTwitter()[pri:0, instance:qaclickacademy.RestApiTest@7eac9008]" started-at="2022-07-25T11:20:09 IST" name="deleteTwitter" finished-at="2022-07-25T11:20:09 IST" duration-ms="0" status="PASS">
          <reporter-output>
          </reporter-output>
        </test-method> <!-- deleteTwitter -->
      </class> <!-- qaclickacademy.RestApiTest -->
      <class name="qaclickacademy.seleniumTest">
        <test-method signature="BrowserAutomation()[pri:0, instance:qaclickacademy.seleniumTest@4116aac9]" started-at="2022-07-25T11:20:09 IST" name="BrowserAutomation" finished-at="2022-07-25T11:20:09 IST" duration-ms="0" status="PASS">
          <reporter-output>
          </reporter-output>
        </test-method> <!-- BrowserAutomation -->
        <test-method signature="elementsUi()[pri:0, instance:qaclickacademy.seleniumTest@4116aac9]" started-at="2022-07-25T11:20:09 IST" name="elementsUi" finished-at="2022-07-25T11:20:09 IST" duration-ms="0" status="PASS">
          <reporter-output>
          </reporter-output>
        </test-method> <!-- elementsUi -->
      </class> <!-- qaclickacademy.seleniumTest -->
    </test> <!-- Command line test -->
  </suite> <!-- Command line suite -->
</testng-results>
