<?xml version="1.0" encoding="UTF-8" ?>
<testsuite tests="6" failures="0" name="TestSuite" time="0.013" errors="0" skipped="0">
  <properties>
[...]
</properties>
  <testcase classname="qaclickacademy.AppiumTest" name="IOSApps" time="0.01"/>
  <testcase classname="qaclickacademy.AppiumTest" name="NativeAppAndroid" time="0"/>
  <testcase classname="qaclickacademy.RestApiTest" name="PostJira" time="0"/>
  <testcase classname="qaclickacademy.RestApiTest" name="deleteTwitter" time="0.001"/>
  <testcase classname="qaclickacademy.seleniumTest" name="BrowserAutomation" time="0.001"/>
  <testcase classname="qaclickacademy.seleniumTest" name="elementsUi" time="0.001"/>
</testsuite>