<?xml version="1.0" encoding="UTF-8"?>
<testng-results ignored="0" total="2" passed="2" failed="0" skipped="0">
  <reporter-output>
  </reporter-output>
  <suite started-at="2022-07-19T20:51:10 IST" name="Default suite" finished-at="2022-07-19T20:51:11 IST" duration-ms="101">
    <groups>
    </groups>
    <test started-at="2022-07-19T20:51:10 IST" name="Default test" finished-at="2022-07-19T20:51:11 IST" duration-ms="101">
      <class name="qaclickacademy.AppiumTest">
        <test-method signature="IOSApps()[pri:0, instance:qaclickacademy.AppiumTest@169e6180]" started-at="2022-07-19T20:51:11 IST" name="IOSApps" finished-at="2022-07-19T20:51:11 IST" duration-ms="16" status="PASS">
          <reporter-output>
          </reporter-output>
        </test-method> <!-- IOSApps -->
        <test-method signature="NativeAppAndroid()[pri:0, instance:qaclickacademy.AppiumTest@169e6180]" started-at="2022-07-19T20:51:11 IST" name="NativeAppAndroid" finished-at="2022-07-19T20:51:11 IST" duration-ms="2" status="PASS">
          <reporter-output>
          </reporter-output>
        </test-method> <!-- NativeAppAndroid -->
      </class> <!-- qaclickacademy.AppiumTest -->
    </test> <!-- Default test -->
  </suite> <!-- Default suite -->
</testng-results>
